JvmtiExport can_access_local_variables 0
JvmtiExport can_hotswap_or_post_breakpoint 0
JvmtiExport can_post_on_exceptions 0
# 307 ciObject found
instanceKlass com/android/build/gradle/internal/transforms/DexMergerTransform$$Lambda$910
instanceKlass com/android/build/gradle/internal/transforms/DexMergerTransform$$Lambda$909
instanceKlass com/android/tools/r8/com/google/gson/internal/bind/TypeAdapters$36
instanceKlass com/android/tools/r8/com/google/gson/internal/JsonReaderInternalAccess
instanceKlass com/android/tools/r8/com/google/gson/JsonParser
instanceKlass com/android/builder/dexing/NonIncrementalJarDexArchive
instanceKlass com/android/build/gradle/internal/transforms/ExternalLibsMergerTransform$transform$jarInputList$2
instanceKlass com/android/build/gradle/internal/transforms/ExternalLibsMergerTransform$transform$jarInputList$1
instanceKlass com/android/tools/r8/ir/optimize/RedundantFieldLoadElimination$$Lambda$908
instanceKlass com/android/tools/r8/ir/code/Cmp$1
instanceKlass com/android/tools/r8/ir/regalloc/SpillMoveSet$$Lambda$907
instanceKlass com/android/tools/r8/ir/conversion/JarSourceCode$$Lambda$906
instanceKlass java/lang/invoke/LambdaForm$DMH
instanceKlass com/android/tools/r8/graph/DexItemFactory$$Lambda$905
instanceKlass com/android/tools/r8/com/google/common/collect/Lists$ReverseList$1
instanceKlass com/android/tools/r8/ir/conversion/DexBuilder$$Lambda$904
instanceKlass com/android/tools/r8/com/google/common/collect/Lists
instanceKlass com/android/tools/r8/com/google/common/base/ExtraObjectsMethodsForWeb
instanceKlass com/android/tools/r8/ir/conversion/DexBuilder$TryItem
instanceKlass com/android/tools/r8/utils/ListUtils
instanceKlass com/android/tools/r8/ir/code/BasicBlock$$Lambda$903
instanceKlass java/lang/invoke/LambdaForm$DMH
instanceKlass com/android/tools/r8/com/google/common/base/Equivalence$1
instanceKlass com/android/tools/r8/ir/conversion/IRBuilder$$Lambda$902
instanceKlass com/android/tools/r8/org/objectweb/asm/tree/TryCatchBlockNode
instanceKlass com/android/tools/r8/utils/ArchiveBuilder
instanceKlass com/android/builder/dexing/NoCacheJarClassFileEntry
instanceKlass com/android/builder/dexing/JarClassFileInput$$Lambda$901
instanceKlass com/android/builder/dexing/JarClassFileInput
instanceKlass sun/nio/fs/AbstractPath$1
instanceKlass com/android/tools/r8/ir/code/StaticPut$1
instanceKlass com/android/build/gradle/internal/transforms/DexArchiveBuilderCacheHandler$CacheableItem
instanceKlass com/android/tools/r8/ir/conversion/DexBuilder$FillArrayDataInfo
instanceKlass com/android/tools/r8/ir/optimize/CodeRewriter$$Lambda$900
instanceKlass com/android/tools/r8/ir/optimize/CodeRewriter$$Lambda$899
instanceKlass com/android/tools/r8/ir/optimize/CodeRewriter$$Lambda$898
instanceKlass com/android/tools/r8/graph/DexEncodedMethod$ClassInlinerEligibility
instanceKlass com/android/build/gradle/internal/transforms/DexArchiveBuilderTransform$$Lambda$897
instanceKlass com/android/build/gradle/internal/transforms/DexArchiveBuilderTransform$$Lambda$896
instanceKlass sun/nio/fs/WindowsFileCopy
instanceKlass com/android/builder/utils/FileCache$$Lambda$895
instanceKlass com/google/common/base/Joiner$MapJoiner
instanceKlass com/android/builder/utils/FileCache$$Lambda$894
instanceKlass com/android/builder/utils/FileCache$QueryResult
instanceKlass com/android/builder/utils/FileCache$Inputs
instanceKlass com/android/builder/utils/FileCache$1$$Lambda$893
instanceKlass com/android/builder/utils/FileCache$2
instanceKlass com/android/builder/utils/FileCache$Inputs$Builder
instanceKlass org/objectweb/asm/Handler
instanceKlass com/android/build/gradle/internal/transforms/InstantRunTransform$$Lambda$892
instanceKlass com/android/builder/merge/IncrementalFileMergerState$Builder$$Lambda$891
instanceKlass com/android/builder/merge/StreamMergeAlgorithms$$Lambda$890
instanceKlass com/android/builder/merge/StreamMergeAlgorithms$$Lambda$889
instanceKlass com/android/build/gradle/internal/transforms/MergeJavaResourcesTransform$2
instanceKlass com/android/builder/merge/IncrementalFileMergerOutputs$1$$Lambda$888
instanceKlass com/android/build/gradle/internal/transforms/MergeJavaResourcesTransform$1$$Lambda$887
instanceKlass com/android/builder/merge/IncrementalFileMerger$$Lambda$886
instanceKlass com/android/build/gradle/internal/packaging/ParsedPackagingOptions$getAction$3
instanceKlass com/android/build/gradle/internal/packaging/ParsedPackagingOptions$getAction$2
instanceKlass com/android/build/gradle/internal/packaging/ParsedPackagingOptions$getAction$1
instanceKlass com/android/builder/merge/MergeOutputWriters$2
instanceKlass org/apache/commons/codec/binary/BaseNCodec$Context
instanceKlass org/apache/commons/codec/binary/BaseNCodec
instanceKlass org/apache/commons/codec/BinaryDecoder
instanceKlass org/apache/commons/codec/Decoder
instanceKlass org/apache/commons/codec/BinaryEncoder
instanceKlass org/apache/commons/codec/Encoder
instanceKlass com/android/build/gradle/internal/transforms/MergeJavaResourcesTransform$$Lambda$885
instanceKlass com/android/builder/merge/IncrementalFileMerger$$Lambda$884
instanceKlass java/util/stream/Streams$RangeIntSpliterator
instanceKlass com/google/common/collect/CollectSpliterators$1WithCharacteristics$$Lambda$883
instanceKlass java/util/function/IntConsumer
instanceKlass java/lang/invoke/LambdaForm$DMH
instanceKlass com/android/utils/ImmutableCollectors$$Lambda$882
instanceKlass com/android/utils/ImmutableCollectors$$Lambda$881
instanceKlass com/android/utils/ImmutableCollectors$$Lambda$880
instanceKlass com/android/utils/ImmutableCollectors$$Lambda$879
instanceKlass com/android/utils/ImmutableCollectors
instanceKlass com/android/builder/merge/RenameIncrementalFileMergerInput$$Lambda$878
instanceKlass com/google/common/collect/CollectSpliterators$1WithCharacteristics
instanceKlass com/google/common/collect/CollectSpliterators
instanceKlass com/google/common/collect/IndexedImmutableSet$$Lambda$877
instanceKlass java/lang/invoke/LambdaForm$DMH
instanceKlass com/android/builder/merge/LazyIncrementalFileMergerInputs$$Lambda$876
instanceKlass com/android/builder/merge/IncrementalFileMerger$$Lambda$875
instanceKlass com/android/builder/merge/IncrementalFileMerger$$Lambda$874
instanceKlass com/android/builder/merge/IncrementalFileMerger$$Lambda$873
instanceKlass com/android/builder/merge/IncrementalFileMerger$$Lambda$872
instanceKlass com/android/builder/merge/IncrementalFileMerger$$Lambda$871
instanceKlass com/android/builder/merge/IncrementalFileMerger$$Lambda$870
instanceKlass com/android/builder/merge/IncrementalFileMerger$$Lambda$869
instanceKlass com/android/builder/merge/IncrementalFileMergerState$Builder
instanceKlass com/android/builder/merge/IncrementalFileMerger
instanceKlass com/android/builder/merge/DelegateIncrementalFileMergerOutput
instanceKlass com/android/build/gradle/internal/transforms/MergeJavaResourcesTransform$$Lambda$868
instanceKlass com/android/build/gradle/internal/transforms/MergeJavaResourcesTransform$$Lambda$867
instanceKlass com/android/builder/merge/IncrementalFileMergerOutputs$1
instanceKlass com/android/builder/merge/IncrementalFileMergerOutputs
instanceKlass com/android/builder/merge/MergeOutputWriters$1
instanceKlass com/android/builder/merge/MergeOutputWriter
instanceKlass com/android/builder/merge/MergeOutputWriters
instanceKlass com/android/builder/merge/StreamMergeAlgorithms$$Lambda$866
instanceKlass com/android/builder/merge/StreamMergeAlgorithms
instanceKlass com/android/build/gradle/internal/transforms/MergeJavaResourcesTransform$$Lambda$865
instanceKlass com/android/builder/merge/StreamMergeAlgorithm
instanceKlass com/android/build/gradle/internal/transforms/MergeJavaResourcesTransform$$Lambda$864
instanceKlass com/android/build/gradle/internal/transforms/MergeJavaResourcesTransform$$Lambda$863
instanceKlass com/android/build/gradle/internal/transforms/MergeJavaResourcesTransform$$Lambda$862
instanceKlass com/android/build/gradle/internal/transforms/MergeJavaResourcesTransform$$Lambda$861
instanceKlass com/android/builder/merge/DelegateIncrementalFileMergerInput
instanceKlass com/android/build/gradle/internal/transforms/MergeJavaResourcesTransform$$Lambda$860
instanceKlass com/android/build/gradle/internal/transforms/MergeJavaResourcesTransform$$Lambda$859
instanceKlass com/android/builder/merge/LazyIncrementalFileMergerInput$$Lambda$858
instanceKlass com/android/builder/merge/LazyIncrementalFileMergerInput$$Lambda$857
instanceKlass com/android/builder/merge/LazyIncrementalFileMergerInput$$Lambda$856
instanceKlass com/android/builder/merge/LazyIncrementalFileMergerInput
instanceKlass com/android/builder/merge/LazyIncrementalFileMergerInputs$$Lambda$855
instanceKlass com/android/builder/merge/LazyIncrementalFileMergerInputs$$Lambda$854
instanceKlass com/android/builder/merge/LazyIncrementalFileMergerInputs
instanceKlass com/android/build/gradle/internal/pipeline/IncrementalFileMergerTransformUtils$toNonIncrementalInput$1
instanceKlass com/android/tools/build/apkzlib/utils/IOExceptionRunnable$$Lambda$853
instanceKlass com/android/build/gradle/internal/pipeline/IncrementalFileMergerTransformUtils$toInput$1
instanceKlass com/android/build/gradle/internal/pipeline/IncrementalFileMergerTransformUtils
instanceKlass com/android/builder/merge/IncrementalFileMergerState
instanceKlass com/android/build/gradle/internal/matcher/FileNameWithPrefixPathMatcher$Companion$factory$1
instanceKlass com/android/build/gradle/internal/matcher/FileNameWithPrefixPathMatcher$Companion
instanceKlass com/android/build/gradle/internal/matcher/FileNameWithPrefixPathMatcher
instanceKlass com/android/build/gradle/internal/matcher/FileNameWithSuffixPathMatcher$Companion$factory$1
instanceKlass com/android/build/gradle/internal/matcher/FileNameWithSuffixPathMatcher$Companion
instanceKlass com/android/build/gradle/internal/matcher/FileNameWithSuffixPathMatcher
instanceKlass com/android/build/gradle/internal/matcher/FileExtensionWithPrefixPathMatcher$Companion$factory$1
instanceKlass com/android/build/gradle/internal/matcher/FileExtensionWithPrefixPathMatcher$Companion
instanceKlass com/android/build/gradle/internal/matcher/FileExtensionWithPrefixPathMatcher
instanceKlass com/android/build/gradle/internal/matcher/FolderInHierarchyPathMatcher$Companion$factory$1
instanceKlass com/android/build/gradle/internal/matcher/FolderInHierarchyPathMatcher$Companion
instanceKlass com/android/build/gradle/internal/matcher/FolderInHierarchyPathMatcher
instanceKlass com/android/build/gradle/internal/matcher/NoWildcardPathMatcher$Companion$factory$1
instanceKlass com/android/build/gradle/internal/matcher/NoWildcardPathMatcher$Companion
instanceKlass com/android/build/gradle/internal/matcher/NoWildcardPathMatcher
instanceKlass com/android/build/gradle/internal/matcher/GlobPathMatcherFactory$Companion
instanceKlass com/android/build/gradle/internal/matcher/GlobPathMatcherFactory
instanceKlass com/android/build/gradle/internal/packaging/ParsedPackagingOptions
instanceKlass com/google/common/graph/Traverser$TreeTraverser$1
instanceKlass com/google/common/graph/Network
instanceKlass com/google/common/graph/BaseGraph
instanceKlass com/google/common/graph/PredecessorsFunction
instanceKlass com/google/common/graph/Traverser
instanceKlass com/android/build/gradle/internal/tasks/CheckDuplicatesParams
instanceKlass com/android/build/gradle/internal/tasks/CheckDuplicatesRunnable
instanceKlass kotlin/streams/jdk8/StreamsKt
instanceKlass com/android/build/gradle/internal/tasks/CheckDuplicateClassesDelegateKt$extractClasses$1$2
instanceKlass com/android/build/gradle/internal/tasks/CheckDuplicateClassesDelegateKt$extractClasses$1$1
instanceKlass com/android/build/gradle/internal/tasks/CheckDuplicateClassesDelegateKt
instanceKlass com/android/build/gradle/internal/tasks/ExtractClassesParams
instanceKlass com/android/build/gradle/internal/tasks/ExtractClassesRunnable
instanceKlass com/android/build/gradle/internal/workeractions/WorkerActionServiceRegistry$Manager$$special$$inlined$let$lambda$1
instanceKlass com/android/build/gradle/internal/tasks/CheckDuplicateClassesDelegate$ArtifactClassesKey
instanceKlass com/android/build/gradle/internal/workeractions/WorkerActionServiceRegistry$Manager
instanceKlass com/android/build/gradle/internal/tasks/CheckDuplicateClassesDelegate
instanceKlass java/util/Vector$Itr
instanceKlass java/util/zip/ZipOutputStream$XEntry
instanceKlass com/android/build/gradle/tasks/InstantRunResourcesApkBuilder$$Lambda$852
instanceKlass com/android/tools/build/apkzlib/zip/ZFile$$Lambda$851
instanceKlass com/android/build/gradle/tasks/InstantRunResourcesApkBuilder$$Lambda$850
instanceKlass org/apache/commons/io/Charsets
instanceKlass org/apache/commons/io/IOUtils
instanceKlass org/apache/commons/io/filefilter/IOFileFilter
instanceKlass org/apache/commons/io/FileUtils
instanceKlass sun/nio/fs/WindowsUserPrincipals$User
instanceKlass java/nio/file/attribute/GroupPrincipal
instanceKlass java/nio/file/attribute/UserPrincipal
instanceKlass sun/nio/fs/WindowsUserPrincipals
instanceKlass java/nio/file/attribute/AclEntry$Builder
instanceKlass java/nio/file/attribute/AclEntry
instanceKlass sun/nio/fs/AbstractAclFileAttributeView
instanceKlass java/nio/file/attribute/DosFileAttributeView
instanceKlass java/nio/file/attribute/AclFileAttributeView
instanceKlass java/nio/file/attribute/FileOwnerAttributeView
instanceKlass com/android/builder/utils/SynchronizedFile$$Lambda$849
instanceKlass com/android/build/gradle/internal/tasks/ValidateSigningTask$createDefaultDebugKeystoreIfNeeded$1
instanceKlass com/android/builder/utils/ExceptionConsumer
instanceKlass com/android/builder/internal/compiler/DirectoryWalker$Builder$$Lambda$848
instanceKlass com/android/builder/internal/compiler/DirectoryWalker$Builder$$Lambda$847
instanceKlass com/android/builder/internal/compiler/DirectoryWalker$Builder$$Lambda$846
instanceKlass com/android/builder/internal/compiler/DirectoryWalker$ExtensionSelector
instanceKlass com/android/builder/internal/compiler/DirectoryWalker$Builder
instanceKlass com/android/builder/internal/compiler/DirectoryWalker
instanceKlass com/android/builder/core/AndroidBuilder$$Lambda$845
instanceKlass com/android/builder/internal/compiler/ShaderProcessor
instanceKlass com/android/builder/internal/compiler/DirectoryWalker$FileAction
instanceKlass com/android/build/gradle/internal/scope/BuildElements$WorkersBasedScheduler$transform$2
instanceKlass com/android/build/gradle/internal/transforms/InstantRunSplitApkBuilder$$Lambda$844
instanceKlass com/android/build/gradle/internal/scope/BuildElementActionScheduler
instanceKlass com/android/build/gradle/internal/scope/BuildElementsTransformRunnable
instanceKlass com/squareup/javapoet/LineWrapper$1
instanceKlass com/squareup/javapoet/JavaFile$Builder
instanceKlass com/squareup/javapoet/JavaFile$1
instanceKlass com/squareup/javapoet/JavaFile
instanceKlass butterknife/internal/ListenerMethod
instanceKlass butterknife/internal/ListenerClass
instanceKlass com/squareup/javapoet/ParameterSpec$Builder
instanceKlass com/squareup/javapoet/ParameterSpec
instanceKlass com/squareup/javapoet/AnnotationSpec$Builder
instanceKlass com/squareup/javapoet/AnnotationSpec
instanceKlass com/squareup/javapoet/MethodSpec$Builder
instanceKlass com/squareup/javapoet/MethodSpec
instanceKlass com/squareup/javapoet/FieldSpec$Builder
instanceKlass com/squareup/javapoet/FieldSpec
instanceKlass com/squareup/javapoet/TypeSpec$Builder
instanceKlass com/squareup/javapoet/TypeSpec
instanceKlass butterknife/compiler/ViewBinding
instanceKlass butterknife/compiler/ViewBinding$Builder
instanceKlass butterknife/compiler/FieldViewBinding
instanceKlass butterknife/compiler/MemberViewBinding
instanceKlass com/google/common/collect/CollectPreconditions
instanceKlass com/google/common/collect/ImmutableCollection$Builder
instanceKlass butterknife/compiler/BindingSet$Builder
instanceKlass com/google/common/collect/SetMultimap
instanceKlass com/google/common/collect/Multimap
instanceKlass com/google/auto/common/Overrides
instanceKlass com/google/common/base/Predicate
instanceKlass com/google/auto/common/MoreElements
instanceKlass butterknife/compiler/BindingSet
instanceKlass com/squareup/javapoet/LineWrapper
instanceKlass com/squareup/javapoet/CodeWriter
instanceKlass com/google/common/base/Preconditions
instanceKlass com/google/common/collect/PeekingIterator
instanceKlass com/google/common/collect/UnmodifiableIterator
instanceKlass com/google/common/collect/Iterators
instanceKlass com/google/common/collect/Hashing
instanceKlass com/google/common/collect/ObjectArrays
instanceKlass butterknife/BindViews
instanceKlass butterknife/BindView
instanceKlass butterknife/BindString
instanceKlass butterknife/BindInt
instanceKlass butterknife/BindFont
instanceKlass butterknife/BindFloat
instanceKlass butterknife/BindDrawable
instanceKlass butterknife/BindDimen
instanceKlass butterknife/BindColor
instanceKlass butterknife/BindBool
instanceKlass butterknife/BindBitmap
instanceKlass butterknife/BindArray
instanceKlass butterknife/BindAnim
instanceKlass butterknife/OnTouch
instanceKlass butterknife/OnTextChanged
instanceKlass butterknife/OnPageChange
instanceKlass butterknife/OnLongClick
instanceKlass butterknife/OnItemSelected
instanceKlass butterknife/OnItemLongClick
instanceKlass butterknife/OnItemClick
instanceKlass butterknife/OnFocusChange
instanceKlass butterknife/OnEditorAction
instanceKlass butterknife/OnClick
instanceKlass butterknife/OnCheckedChanged
instanceKlass com/squareup/javapoet/CodeBlock$Builder
instanceKlass com/squareup/javapoet/CodeBlock
instanceKlass com/squareup/javapoet/Util
instanceKlass com/squareup/javapoet/TypeName
instanceKlass butterknife/compiler/Id
instanceKlass butterknife/compiler/ResourceBinding
instanceKlass com/android/ide/common/xml/ManifestData
instanceKlass com/android/ide/common/xml/AndroidManifestParser
instanceKlass com/android/ide/common/symbols/SymbolTable$getSymbolByResourceType$$inlined$compareBy$1
instanceKlass com/android/ide/common/symbols/RGeneration$$Lambda$843
instanceKlass com/android/ide/common/symbols/RGeneration
instanceKlass com/google/common/collect/Tables$AbstractCell
instanceKlass com/google/common/collect/StandardTable$CellIterator
instanceKlass com/google/common/collect/ImmutableTable$Builder
instanceKlass com/android/ide/common/symbols/SymbolIo$1
instanceKlass com/android/ide/common/symbols/Symbol$Companion
instanceKlass com/android/ide/common/symbols/SymbolUtils
instanceKlass com/google/common/collect/Tables$1
instanceKlass com/google/common/collect/RowSortedTable
instanceKlass com/google/common/collect/Table$Cell
instanceKlass com/google/common/collect/Tables
instanceKlass com/android/ide/common/symbols/SymbolTableKt$sam$com_google_common_base_Supplier$0
instanceKlass com/android/ide/common/symbols/SymbolTable$Builder
instanceKlass com/android/ide/common/symbols/SymbolTable$Companion
instanceKlass com/android/ide/common/symbols/SymbolTable
instanceKlass com/android/ide/common/symbols/SymbolIo$SymbolLineReader$$Lambda$842
instanceKlass com/android/ide/common/symbols/SymbolIo$SymbolData
instanceKlass com/android/ide/common/symbols/Symbol
instanceKlass com/android/ide/common/symbols/SymbolIo$SymbolLineReader
instanceKlass java/io/BufferedReader$1
instanceKlass com/android/ide/common/symbols/SymbolIo
instanceKlass com/android/builder/internal/aapt/AaptUtils$$Lambda$841
instanceKlass com/android/builder/internal/aapt/AaptUtils$$Lambda$840
instanceKlass com/android/builder/internal/aapt/AaptUtils$$Lambda$839
instanceKlass com/android/builder/internal/aapt/AaptUtils
instanceKlass kotlin/comparisons/ComparisonsKt__ComparisonsKt
instanceKlass com/android/builder/internal/aapt/v2/AaptV2CommandBuilder$makeLinkCommand$$inlined$sortedBy$1
instanceKlass com/android/builder/internal/aapt/AaptPackageConfig
instanceKlass kotlin/jvm/internal/CollectionToArray
instanceKlass com/android/builder/internal/aapt/AaptPackageConfig$Builder
instanceKlass com/android/build/gradle/internal/res/LinkApplicationAndroidResourcesTask$AaptSplitInvoker$invokeAaptForSplit$1
instanceKlass com/android/build/gradle/internal/scope/SplitList$WhenMappings
instanceKlass com/android/build/gradle/internal/res/LinkApplicationAndroidResourcesTask$AaptSplitInvokerParams
instanceKlass com/android/build/gradle/internal/res/LinkApplicationAndroidResourcesTask$AaptSplitInvoker$Companion
instanceKlass com/android/build/gradle/internal/res/LinkApplicationAndroidResourcesTask$AaptSplitInvoker
instanceKlass com/android/build/gradle/internal/res/LinkApplicationAndroidResourcesTask$chooseOutput$nonDensity$1
instanceKlass com/android/build/gradle/internal/res/LinkApplicationAndroidResourcesTask$WhenMappings
instanceKlass com/android/builder/internal/aapt/v2/Aapt2DaemonImpl$WaitForTaskCompletion$Result
instanceKlass com/android/builder/internal/aapt/v2/AaptV2CommandBuilder
instanceKlass com/android/builder/internal/aapt/v2/Aapt2DaemonUtil
instanceKlass com/android/builder/internal/aapt/v2/Aapt2DaemonImpl$WaitForTaskCompletion
instanceKlass com/android/utils/GrabProcessOutput
instanceKlass java/lang/ProcessImpl$2
instanceKlass java/lang/ProcessBuilder
instanceKlass com/android/builder/internal/aapt/v2/Aapt2DaemonImpl$WaitForReadyOnStdOut
instanceKlass com/android/builder/internal/aapt/v2/Aapt2Daemon$WhenMappings
instanceKlass com/android/builder/internal/aapt/v2/Aapt2DaemonManager$LeasedAaptDaemon
instanceKlass com/android/build/gradle/internal/res/namespaced/Aapt2DaemonManagerService$sam$java_lang_Runnable$0
instanceKlass com/android/builder/internal/aapt/v2/Aapt2DaemonManager$LeasableAaptDaemon
instanceKlass com/android/builder/internal/aapt/v2/Aapt2DaemonImpl$processOutput$1
instanceKlass com/android/builder/internal/aapt/v2/Aapt2DaemonImpl$NoOutputExpected
instanceKlass com/android/utils/GrabProcessOutput$IProcessOutput
instanceKlass com/android/builder/internal/aapt/v2/Aapt2Daemon
instanceKlass com/android/builder/internal/aapt/v2/Aapt2
instanceKlass com/android/ide/common/workers/ExecutorServiceAdapter$submit$submission$1
instanceKlass com/android/build/gradle/internal/res/Aapt2CompileWithBlameRunnable$Params
instanceKlass com/android/build/gradle/internal/res/Aapt2CompileWithBlameRunnable
instanceKlass com/android/ide/common/resources/DataSet$1
instanceKlass com/android/ide/common/blame/MergingLogPersistUtil$SourcePositionsSerializer
instanceKlass com/android/ide/common/blame/MergingLogPersistUtil$$Lambda$838
instanceKlass com/android/ide/common/blame/MergingLogPersistUtil
instanceKlass com/android/builder/internal/aapt/v2/Aapt2RenamingConventions
instanceKlass com/android/utils/XmlUtils$PositionAwareStringBuilder
instanceKlass com/android/ide/common/resources/NodeUtils
instanceKlass com/android/ide/common/resources/CompileResourceRequest
instanceKlass com/google/common/collect/LinkedListMultimap$NodeIterator
instanceKlass com/google/common/collect/HashBasedTable$Factory
instanceKlass com/google/common/collect/AbstractTable
instanceKlass java/util/concurrent/ConcurrentLinkedDeque$Node
instanceKlass com/android/ide/common/resources/MergeWriter
instanceKlass com/google/common/collect/LinkedListMultimap$ValueForKeyIterator
instanceKlass com/google/common/collect/LinkedListMultimap$DistinctKeyIterator
instanceKlass com/google/common/collect/Multimaps$AsMap$EntrySet$1
instanceKlass com/android/ide/common/resources/ValueResourceNameValidator
instanceKlass com/android/resources/ResourceType$$Lambda$837
instanceKlass com/android/resources/ResourceType$$Lambda$836
instanceKlass com/android/ide/common/resources/ValueResourceParser2
instanceKlass com/google/common/collect/LinkedListMultimap$KeyList
instanceKlass com/android/ide/common/rendering/api/ResourceNamespace$Resolver
instanceKlass com/android/ide/common/rendering/api/TextResourceValue
instanceKlass com/android/ide/common/rendering/api/AttrResourceValue
instanceKlass com/android/ide/common/rendering/api/PluralsResourceValue
instanceKlass com/android/ide/common/rendering/api/ArrayResourceValue
instanceKlass com/android/ide/common/rendering/api/StyleableResourceValue
instanceKlass com/android/ide/common/rendering/api/StyleResourceValue
instanceKlass com/android/ide/common/rendering/api/ResourceValueImpl
instanceKlass com/android/ide/common/rendering/api/StyleItemResourceValue
instanceKlass com/android/ide/common/rendering/api/ResourceValue
instanceKlass com/android/ide/common/resources/FileResourceNameValidator
instanceKlass com/google/common/collect/Sets$Accumulator$$Lambda$835
instanceKlass com/google/common/collect/Sets$Accumulator$$Lambda$834
instanceKlass com/google/common/collect/Sets$Accumulator$$Lambda$833
instanceKlass com/google/common/collect/Sets$Accumulator$$Lambda$832
instanceKlass com/google/common/collect/Sets$Accumulator
instanceKlass com/android/resources/ResourceType$$Lambda$831
instanceKlass com/android/resources/FolderTypeRelationship
instanceKlass com/android/ide/common/resources/configuration/FolderConfiguration
instanceKlass com/android/ide/common/resources/ResourceSet$FolderData
instanceKlass com/android/build/gradle/internal/aapt/WorkerExecutorResourceCompilationService
instanceKlass com/android/build/gradle/internal/res/namespaced/RegisteredAaptService
instanceKlass com/android/build/gradle/internal/res/namespaced/Aapt2DaemonManagerMaintainer
instanceKlass com/android/builder/internal/aapt/v2/Aapt2DaemonManager$Listener
instanceKlass com/android/builder/internal/aapt/v2/Aapt2DaemonManager
instanceKlass com/android/builder/internal/aapt/v2/Aapt2DaemonTimeouts
instanceKlass com/android/build/gradle/internal/res/namespaced/Aapt2DaemonManagerService
instanceKlass com/android/ide/common/blame/MergingLog
instanceKlass com/android/ide/common/resources/DataItem
instanceKlass com/android/ide/common/resources/ResourceItem
instanceKlass com/android/ide/common/resources/configuration/Configurable
instanceKlass com/android/ide/common/resources/DataMerger
instanceKlass com/android/ide/common/resources/NoOpResourcePreprocessor
instanceKlass com/android/ide/common/resources/PatternBasedFileFilter
instanceKlass com/android/ide/common/rendering/api/ResourceNamespace
instanceKlass com/android/ide/common/resources/DataFile
instanceKlass com/android/build/gradle/internal/LoggerWrapper$LoggerSupplier
instanceKlass com/android/ide/common/resources/configuration/ResourceQualifier
instanceKlass com/android/builder/png/VectorDrawableRenderer
instanceKlass com/android/build/gradle/tasks/MergeResources$$Lambda$830
instanceKlass java/util/ArrayDeque$1
instanceKlass org/gradle/api/internal/artifacts/DefaultPublishArtifactSet$1
instanceKlass org/gradle/internal/serialize/kryo/StringDeduplicatingKryoBackedEncoder$1
instanceKlass org/gradle/api/internal/artifacts/repositories/metadata/DefaultMavenImmutableAttributesFactory$1
instanceKlass org/gradle/api/internal/artifacts/ivyservice/resolutionstrategy/DefaultCachePolicy$1
instanceKlass org/gradle/internal/typeconversion/NotationConverterToNotationParserAdapter$1
instanceKlass BuildScriptClasspathModelBuilder
instanceKlass BuildScriptClasspathModelBuilderPlugin
instanceKlass org/gradle/workers/internal/WorkerDaemonClientsManager$1
instanceKlass org/gradle/workers/internal/WorkerDaemonExpiration$SimpleMemoryExpirationSelector
instanceKlass org/gradle/cache/internal/VersionSpecificCacheCleanupAction$CleanupCondition
instanceKlass org/gradle/cache/internal/VersionSpecificCacheDirectory
instanceKlass org/apache/commons/io/filefilter/ConditionalFileFilter
instanceKlass org/apache/commons/io/filefilter/AbstractFileFilter
instanceKlass org/apache/commons/io/filefilter/FileFilterUtils
instanceKlass org/gradle/cache/internal/VersionSpecificCacheCleanupAction$MinimumTimestampProvider
instanceKlass org/gradle/cache/internal/SingleDepthFilesFinder$1
instanceKlass org/gradle/cache/internal/NonReservedFileFilter
instanceKlass org/gradle/cache/internal/CleanupActionFactory$BuildOperationCacheCleanupDecorator$1
instanceKlass com/squareup/javawriter/JavaWriter
instanceKlass com/android/builder/internal/ClassFieldImpl
instanceKlass com/android/builder/compiling/BuildConfigGenerator
instanceKlass com/android/builder/internal/TemplateProcessor
instanceKlass com/android/builder/internal/TestManifestGenerator
instanceKlass com/android/build/gradle/tasks/ProcessTestManifest$$Lambda$829
instanceKlass com/android/build/gradle/internal/tasks/AppPreBuildTask$$Lambda$828
instanceKlass com/android/build/gradle/internal/tasks/AppPreBuildTask$$Lambda$827
instanceKlass java/lang/invoke/LambdaForm$DMH
instanceKlass org/gradle/cli/CommandLineParser$OptionParserState
instanceKlass org/gradle/cli/ParsedCommandLine
instanceKlass org/gradle/cli/CommandLineParser$ParserState
instanceKlass org/gradle/cli/CommandLineParser
instanceKlass org/gradle/tooling/internal/provider/PhasedBuildActionResult
instanceKlass com/google/common/collect/ImmutableSet$SerializedForm
instanceKlass com/android/build/gradle/internal/ide/AndroidArtifactOutputImpl
instanceKlass com/android/builder/model/AndroidArtifactOutput
instanceKlass com/google/common/collect/ImmutableMap$SerializedForm
instanceKlass com/android/builder/model/level2/Library
instanceKlass com/android/build/gradle/internal/ide/level2/GlobalLibraryMapImpl
instanceKlass com/android/builder/model/level2/GlobalLibraryMap
instanceKlass javax/xml/stream/events/Comment
instanceKlass org/gradle/internal/component/external/model/GradleDependencyMetadata
instanceKlass com/android/build/gradle/internal/dependency/AndroidXDepedencySubstitution$replaceOldSupportLibraries$1$1$1$3
instanceKlass com/android/build/gradle/internal/ide/ModelBuilder$$Lambda$826
instanceKlass com/android/build/gradle/internal/ide/ModelBuilder$$Lambda$825
instanceKlass com/android/build/gradle/internal/ide/ModelBuilder$$Lambda$824
instanceKlass javax/xml/stream/events/EndElement
instanceKlass javax/xml/stream/events/Characters
instanceKlass javax/xml/stream/events/Namespace
instanceKlass javax/xml/stream/events/Attribute
instanceKlass javax/xml/stream/events/StartElement
instanceKlass com/sun/org/apache/xerces/internal/impl/XMLStreamReaderImpl$1
instanceKlass com/sun/xml/internal/stream/events/DummyEvent$DummyLocation
instanceKlass javax/xml/stream/Location
instanceKlass com/sun/xml/internal/stream/events/DummyEvent
instanceKlass javax/xml/stream/events/StartDocument
instanceKlass javax/xml/stream/events/XMLEvent
instanceKlass com/sun/xml/internal/stream/events/XMLEventAllocatorImpl
instanceKlass javax/xml/stream/util/XMLEventAllocator
instanceKlass com/sun/org/apache/xerces/internal/util/NamespaceContextWrapper
instanceKlass com/sun/org/apache/xerces/internal/impl/XMLStreamReaderImpl
instanceKlass javax/xml/stream/XMLStreamReader
instanceKlass javax/xml/stream/XMLStreamConstants
instanceKlass com/sun/xml/internal/stream/XMLEventReaderImpl
instanceKlass javax/xml/stream/XMLEventReader
instanceKlass com/sun/org/apache/xerces/internal/impl/PropertyManager
instanceKlass javax/xml/stream/SecuritySupport$1
instanceKlass javax/xml/stream/FactoryFinder$1
instanceKlass javax/xml/stream/SecuritySupport$5
instanceKlass javax/xml/stream/SecuritySupport$2
instanceKlass javax/xml/stream/SecuritySupport
instanceKlass javax/xml/stream/FactoryFinder
instanceKlass javax/xml/stream/XMLInputFactory
instanceKlass com/android/build/gradle/internal/ide/ModelBuilder$$Lambda$823
instanceKlass com/android/build/gradle/internal/ide/VariantImpl
instanceKlass com/android/build/gradle/internal/ide/ModelBuilder$$Lambda$822
instanceKlass com/android/build/gradle/internal/BaseConfigAdapter$WhenMappings
instanceKlass com/android/build/gradle/internal/BaseConfigAdapter
instanceKlass com/android/build/gradle/internal/ide/TestOptionsImpl
instanceKlass java/util/function/Predicate$$Lambda$821
instanceKlass com/android/build/gradle/internal/ide/ModelBuilder$$Lambda$820
instanceKlass com/android/build/gradle/internal/dependency/SubtractingArtifactCollection$$Lambda$819
instanceKlass com/android/build/gradle/internal/ide/ModelBuilder$$Lambda$818
instanceKlass com/android/builder/model/JavaArtifact
instanceKlass com/android/build/gradle/internal/ide/ModelBuilder$$Lambda$817
instanceKlass com/android/build/gradle/internal/ide/BaseArtifactImpl
instanceKlass com/android/build/gradle/internal/ide/level2/EmptyDependencyGraphs
instanceKlass com/android/build/gradle/internal/ide/DependenciesImpl$$Lambda$816
instanceKlass com/android/builder/model/Dependencies$ProjectIdentifier
instanceKlass com/android/build/gradle/internal/ide/DependenciesImpl
instanceKlass com/android/build/gradle/internal/ide/dependencies/ArtifactDependencyGraph$$Lambda$815
instanceKlass com/android/build/gradle/internal/ide/dependencies/ArtifactDependencyGraph$$Lambda$814
instanceKlass com/android/build/gradle/internal/ide/dependencies/ArtifactDependencyGraph$$Lambda$813
instanceKlass com/android/builder/model/JavaLibrary
instanceKlass com/android/builder/dependency/HashCodeUtils
instanceKlass com/android/builder/dependency/MavenCoordinatesImpl
instanceKlass com/android/builder/model/MavenCoordinates
instanceKlass com/android/ide/common/caching/CreatingCache$1
instanceKlass com/android/ide/common/caching/CreatingCache$ValueState
instanceKlass com/android/build/gradle/internal/ide/LibraryImpl
instanceKlass com/android/builder/model/AndroidLibrary
instanceKlass com/android/builder/model/AndroidBundle
instanceKlass com/android/builder/model/Library
instanceKlass com/android/build/gradle/internal/ide/dependencies/ResolvedArtifact
instanceKlass com/android/build/gradle/internal/ide/dependencies/ArtifactUtils
instanceKlass com/android/build/gradle/internal/ide/ModelBuilder$$Lambda$812
instanceKlass com/android/builder/model/SyncIssue
instanceKlass com/android/build/gradle/internal/ide/DependencyFailureHandler
instanceKlass com/android/build/gradle/internal/ide/dependencies/ArtifactDependencyGraph
instanceKlass com/android/build/gradle/internal/ide/dependencies/DependencyGraphBuilder
instanceKlass com/android/build/gradle/internal/ide/dependencies/DependencyGraphBuilderKt
instanceKlass com/android/build/gradle/internal/ide/InstantRunImpl
instanceKlass com/android/build/gradle/internal/ide/ModelBuilder$SourceProviders
instanceKlass com/android/tools/idea/gradle/project/sync/ng/SelectedVariantChooser$$Lambda$811
instanceKlass com/android/tools/idea/gradle/project/sync/Modules
instanceKlass com/android/tools/idea/gradle/project/sync/ng/AndroidModule
instanceKlass com/android/build/gradle/internal/cxx/json/AndroidBuildGradleJsonStreamingVisitor
instanceKlass com/android/build/gradle/internal/ide/NativeAndroidProjectBuilder
instanceKlass com/android/builder/model/NativeAndroidProject
instanceKlass com/android/builder/model/ArtifactMetaData
instanceKlass com/android/builder/model/NativeToolchain
instanceKlass com/android/builder/model/SyncIssue
instanceKlass com/android/builder/model/BuildType
instanceKlass com/android/builder/model/BuildTypeContainer
instanceKlass com/android/builder/model/SourceProviderContainer
instanceKlass com/android/builder/model/ApiVersion
instanceKlass com/android/builder/model/VectorDrawablesOptions
instanceKlass com/android/builder/model/SigningConfig
instanceKlass com/android/builder/model/JavaArtifact
instanceKlass com/android/builder/model/TestedTargetVariant
instanceKlass com/android/builder/model/NativeLibrary
instanceKlass com/android/builder/model/ClassField
instanceKlass com/android/build/FilterData
instanceKlass com/android/builder/model/AndroidArtifactOutput
instanceKlass com/android/build/OutputFile
instanceKlass com/android/build/VariantOutput
instanceKlass com/android/builder/model/InstantRun
instanceKlass com/android/builder/model/TestOptions
instanceKlass com/android/builder/model/level2/GraphItem
instanceKlass com/android/builder/model/Dependencies$ProjectIdentifier
instanceKlass com/android/builder/model/JavaLibrary
instanceKlass com/android/builder/model/MavenCoordinates
instanceKlass com/android/builder/model/AndroidLibrary
instanceKlass com/android/builder/model/AndroidBundle
instanceKlass com/android/builder/model/Library
instanceKlass com/android/builder/model/level2/DependencyGraphs
instanceKlass com/android/builder/model/SourceProvider
instanceKlass com/android/builder/model/Dependencies
instanceKlass com/android/builder/model/ProductFlavor
instanceKlass com/android/builder/model/DimensionAware
instanceKlass com/android/builder/model/BaseConfig
instanceKlass com/android/builder/model/AndroidArtifact
instanceKlass com/android/builder/model/BaseArtifact
instanceKlass com/android/builder/model/Variant
instanceKlass com/android/builder/model/LintOptions
instanceKlass com/android/builder/model/ProductFlavorContainer
instanceKlass com/android/builder/model/AaptOptions
instanceKlass com/android/builder/model/JavaCompileOptions
instanceKlass com/android/build/gradle/internal/ide/DefaultJavaCompileOptions
instanceKlass com/android/build/gradle/internal/ide/ModelBuilder$$Lambda$810
instanceKlass com/android/build/gradle/internal/ide/SigningConfigImpl
instanceKlass com/android/builder/model/JavaCompileOptions
instanceKlass com/android/build/gradle/internal/ide/DefaultAndroidProject
instanceKlass com/android/build/gradle/internal/ide/BuildTypeContainerImpl
instanceKlass com/android/builder/model/BuildTypeContainer
instanceKlass com/android/build/gradle/internal/ide/ApiVersionImpl
instanceKlass com/android/build/gradle/internal/ide/BaseConfigImpl
instanceKlass com/android/build/gradle/internal/ide/SourceProviderImpl
instanceKlass com/android/build/gradle/internal/ide/SourceProviderContainerImpl$$Lambda$809
instanceKlass com/android/build/gradle/internal/ide/SourceProviderContainerImpl
instanceKlass com/android/builder/model/SourceProviderContainer
instanceKlass com/android/build/gradle/internal/ide/ProductFlavorContainerImpl
instanceKlass com/android/builder/model/ProductFlavorContainer
instanceKlass com/android/build/gradle/internal/ide/AaptOptionsImpl
instanceKlass com/android/builder/model/AaptOptions
instanceKlass com/android/build/gradle/internal/ide/ArtifactMetaDataImpl
instanceKlass com/android/builder/model/ArtifactMetaData
instanceKlass com/android/builder/core/VariantType$Companion
instanceKlass com/android/build/gradle/internal/ide/MajorMinorVersion
instanceKlass kotlin/text/CharsKt__CharJVMKt
instanceKlass com/android/build/gradle/internal/ide/StudioVersions
instanceKlass org/gradle/tooling/internal/adapter/ProtocolToModelAdapter$MethodInvocationCache$MethodInvocationKey
instanceKlass org/gradle/tooling/internal/adapter/MethodInvocation
instanceKlass com/android/build/gradle/internal/ide/FailsafeModelBuilderParameter
instanceKlass org/gradle/tooling/provider/model/internal/DefaultToolingModelBuilderRegistry$ParameterizedBuildOperationWrappingToolingModelBuilder$1$1
instanceKlass org/gradle/tooling/provider/model/internal/DefaultToolingModelBuilderRegistry$ParameterizedBuildOperationWrappingToolingModelBuilder$1
instanceKlass org/gradle/tooling/internal/adapter/ProtocolToModelAdapter$AdaptingMethodInvoker
instanceKlass org/gradle/tooling/internal/adapter/ProtocolToModelAdapter$PropertyCachingMethodInvoker
instanceKlass org/gradle/tooling/internal/adapter/ProtocolToModelAdapter$SafeMethodInvoker
instanceKlass org/gradle/tooling/internal/adapter/ProtocolToModelAdapter$SupportedPropertyInvoker
instanceKlass org/gradle/tooling/internal/adapter/ProtocolToModelAdapter$InvocationHandlerImpl
instanceKlass org/gradle/tooling/internal/adapter/ProtocolToModelAdapter$ViewKey
instanceKlass org/gradle/tooling/internal/adapter/ProtocolToModelAdapter$ViewGraphDetails
instanceKlass org/gradle/tooling/internal/adapter/ProtocolToModelAdapter$MixInMappingAction
instanceKlass org/gradle/tooling/internal/adapter/ProtocolToModelAdapter$DefaultViewBuilder
instanceKlass org/gradle/tooling/internal/adapter/CollectionMapper
instanceKlass org/gradle/tooling/internal/adapter/TypeInspector
instanceKlass org/gradle/tooling/internal/adapter/ProtocolToModelAdapter$MethodInvocationCache
instanceKlass org/gradle/tooling/internal/adapter/ProtocolToModelAdapter$ReflectionMethodInvoker
instanceKlass org/gradle/tooling/internal/adapter/MethodInvoker
instanceKlass org/gradle/tooling/internal/adapter/ProtocolToModelAdapter$1
instanceKlass org/gradle/tooling/internal/adapter/ProtocolToModelAdapter$NoOpDecoration
instanceKlass org/gradle/tooling/internal/adapter/ViewBuilder
instanceKlass org/gradle/tooling/internal/adapter/TargetTypeProvider
instanceKlass org/gradle/tooling/internal/adapter/ProtocolToModelAdapter$ViewDecoration
instanceKlass org/gradle/tooling/internal/adapter/ProtocolToModelAdapter
instanceKlass org/gradle/tooling/internal/adapter/ObjectGraphAdapter
instanceKlass com/android/java/model/impl/ArtifactModelImpl$Companion
instanceKlass com/android/java/model/impl/ArtifactModelImpl
instanceKlass org/gradle/api/plugins/JavaLibraryPlugin
instanceKlass org/gradle/api/plugins/JavaPlugin$BuildableJavaComponentImpl
instanceKlass org/gradle/api/internal/component/BuildableJavaComponent
instanceKlass com/android/java/model/ArtifactModel
instanceKlass com/android/java/model/JavaProject
instanceKlass org/gradle/tooling/model/internal/Exceptions
instanceKlass org/gradle/tooling/internal/consumer/connection/ToolingParameterProxy
instanceKlass com/android/tools/idea/gradle/project/sync/ng/SyncModuleModels$$Lambda$808
instanceKlass org/gradle/api/Action
instanceKlass com/android/builder/model/ModelBuilderParameter
instanceKlass com/android/builder/model/AndroidProject
instanceKlass org/jetbrains/plugins/gradle/model/ClasspathEntryModel
instanceKlass org/jetbrains/plugins/gradle/tooling/internal/ClasspathEntryModelImpl
instanceKlass org/jetbrains/plugins/gradle/model/ExternalProjectDependency
instanceKlass org/jetbrains/plugins/gradle/tooling/util/DependencyTraverser$Itr
instanceKlass org/jetbrains/plugins/gradle/tooling/util/DependencyTraverser
instanceKlass org/jetbrains/plugins/gradle/tooling/util/resolve/ExternalDepsResolutionResult
instanceKlass org/gradle/api/artifacts/result/UnresolvedDependencyResult
instanceKlass org/gradle/internal/impldep/com/google/common/base/Objects
instanceKlass org/gradle/internal/impldep/com/google/common/collect/UnmodifiableIterator
instanceKlass org/gradle/internal/impldep/com/google/common/collect/FluentIterable
instanceKlass org/gradle/internal/impldep/com/google/common/collect/TreeTraverser
instanceKlass org/gradle/internal/impldep/com/google/common/io/ByteSource
instanceKlass org/gradle/internal/impldep/com/google/common/io/InputSupplier
instanceKlass org/gradle/internal/impldep/com/google/common/io/ByteSink
instanceKlass org/gradle/internal/impldep/com/google/common/io/OutputSupplier
instanceKlass org/gradle/internal/impldep/com/google/common/io/LineProcessor
instanceKlass org/gradle/internal/impldep/com/google/common/io/Files
instanceKlass org/jetbrains/plugins/gradle/DefaultExternalDependencyId
instanceKlass org/jetbrains/plugins/gradle/ExternalDependencyId
instanceKlass org/gradle/internal/impldep/com/google/common/collect/AbstractMapBasedMultimap$WrappedCollection$WrappedIterator
instanceKlass org/jetbrains/plugins/gradle/tooling/util/resolve/DependencyResultsTransformer$AttributesBasedKey
instanceKlass org/jetbrains/plugins/gradle/tooling/util/resolve/DependencyResultsTransformer$ComponentResultKey
instanceKlass org/jetbrains/plugins/gradle/tooling/util/resolve/DependencyResultsTransformer
instanceKlass org/gradle/api/internal/artifacts/result/DefaultArtifactResolutionResult
instanceKlass org/gradle/api/internal/artifacts/ivyservice/ivyresolve/ErrorHandlingModuleComponentRepository$ErrorHandlingModuleComponentRepositoryAccess$$Lambda$807
instanceKlass org/gradle/api/internal/artifacts/ivyservice/ivyresolve/ErrorHandlingModuleComponentRepository$ErrorHandlingModuleComponentRepositoryAccess$$Lambda$806
instanceKlass org/gradle/api/internal/artifacts/ivyservice/ivyresolve/ErrorHandlingModuleComponentRepository$ErrorHandlingModuleComponentRepositoryAccess$$Lambda$805
instanceKlass org/gradle/api/internal/artifacts/result/DefaultComponentArtifactsResult
instanceKlass org/gradle/api/artifacts/result/ComponentArtifactsResult
instanceKlass org/gradle/api/artifacts/result/ArtifactResolutionResult
instanceKlass org/gradle/api/internal/artifacts/query/DefaultArtifactResolutionQuery
instanceKlass org/jetbrains/plugins/gradle/tooling/util/ModuleIdentifierImpl
instanceKlass org/jetbrains/plugins/gradle/tooling/util/ModuleComponentIdentifierImpl
instanceKlass org/gradle/internal/impldep/com/google/common/base/Preconditions
instanceKlass org/gradle/internal/impldep/com/google/common/collect/Multiset
instanceKlass org/gradle/internal/impldep/com/google/common/collect/AbstractMultimap
instanceKlass org/gradle/internal/impldep/com/google/common/collect/ListMultimap
instanceKlass org/gradle/api/internal/artifacts/ivyservice/DefaultLenientConfiguration$LenientArtifactCollectingVisitor
instanceKlass org/gradle/api/internal/artifacts/ivyservice/ErrorHandlingConfigurationResolver$ErrorHandlingLenientConfiguration
instanceKlass org/jetbrains/plugins/gradle/tooling/util/resolve/ArtifactQueryResolver
instanceKlass org/jetbrains/plugins/gradle/model/FileCollectionDependency
instanceKlass org/jetbrains/plugins/gradle/model/AbstractExternalDependency
instanceKlass org/jetbrains/plugins/gradle/model/ExternalLibraryDependency
instanceKlass org/jetbrains/plugins/gradle/model/ExternalDependency
instanceKlass org/gradle/internal/impldep/com/google/common/base/Function
instanceKlass org/gradle/internal/impldep/com/google/common/base/Predicate
instanceKlass org/gradle/internal/impldep/com/google/common/collect/Multimap
instanceKlass org/jetbrains/plugins/gradle/tooling/util/resolve/DependencyResolverImpl
instanceKlass org/jetbrains/plugins/gradle/tooling/util/DependencyResolver
instanceKlass org/gradle/plugins/ide/internal/IdePlugin
instanceKlass org/jetbrains/plugins/gradle/tooling/internal/BuildScriptClasspathModelImpl
instanceKlass org/jetbrains/plugins/gradle/model/BuildScriptClasspathModel
instanceKlass com/android/tools/idea/gradle/project/sync/ng/SyncModuleModels$$Lambda$804
instanceKlass com/android/tools/idea/gradle/project/sync/ng/SyncModuleModels
instanceKlass com/android/tools/idea/gradle/project/sync/GradleModuleModels
instanceKlass com/android/tools/idea/gradle/project/sync/ng/SyncProjectModels$$Lambda$803
instanceKlass com/android/java/model/impl/GradlePluginModelImpl$Companion
instanceKlass com/android/java/model/impl/GradlePluginModelImpl
instanceKlass com/android/java/model/GradlePluginModel
instanceKlass org/gradle/tooling/model/gradle/GradleScript
instanceKlass org/gradle/internal/impldep/com/google/common/base/Objects
instanceKlass org/gradle/internal/impldep/com/google/common/base/Optional
instanceKlass org/gradle/tooling/internal/adapter/ProtocolToModelAdapter$MethodInvocationCache$MethodInvocationKey
instanceKlass org/gradle/tooling/internal/adapter/MethodInvocation
instanceKlass org/gradle/tooling/internal/adapter/ProtocolToModelAdapter$AdaptingMethodInvoker
instanceKlass org/gradle/tooling/internal/adapter/ProtocolToModelAdapter$PropertyCachingMethodInvoker
instanceKlass org/gradle/tooling/internal/adapter/ProtocolToModelAdapter$SafeMethodInvoker
instanceKlass org/gradle/tooling/internal/adapter/ProtocolToModelAdapter$SupportedPropertyInvoker
instanceKlass org/gradle/tooling/internal/adapter/ProtocolToModelAdapter$ChainedMethodInvoker
instanceKlass org/gradle/tooling/internal/adapter/ProtocolToModelAdapter$ClassMixInMethodInvoker
instanceKlass org/gradle/tooling/internal/adapter/ProtocolToModelAdapter$BeanMixInMethodInvoker
instanceKlass org/gradle/tooling/internal/adapter/ProtocolToModelAdapter$InvocationHandlerImpl
instanceKlass org/gradle/tooling/internal/adapter/ProtocolToModelAdapter$ViewKey
instanceKlass org/gradle/tooling/model/ProjectIdentifier
instanceKlass org/gradle/tooling/model/DomainObjectSet
instanceKlass org/gradle/tooling/model/BuildIdentifier
instanceKlass org/gradle/tooling/model/cpp/CppBinary
instanceKlass org/gradle/tooling/model/cpp/CppComponent
instanceKlass org/gradle/tooling/internal/adapter/ProtocolToModelAdapter$MixInMappingAction
instanceKlass org/gradle/tooling/internal/consumer/converters/IncludedBuildsMixin
instanceKlass org/gradle/tooling/internal/consumer/converters/IdeaModuleDependencyTargetNameMixin
instanceKlass org/gradle/tooling/internal/consumer/converters/IdeaProjectJavaLanguageSettingsMixin
instanceKlass org/gradle/tooling/internal/consumer/converters/TaskDisplayNameMixin
instanceKlass org/gradle/tooling/model/GradleTask
instanceKlass org/gradle/tooling/model/Task
instanceKlass org/gradle/tooling/model/Launchable
instanceKlass org/gradle/tooling/internal/consumer/converters/FixedBuildIdentifierProvider
instanceKlass org/gradle/tooling/internal/consumer/converters/BasicGradleProjectIdentifierMixin
instanceKlass org/gradle/tooling/model/gradle/BasicGradleProject
instanceKlass org/gradle/tooling/internal/adapter/ProtocolToModelAdapter$TypeSpecificMappingAction
instanceKlass org/gradle/tooling/internal/consumer/converters/GradleProjectIdentifierMixin
instanceKlass org/gradle/tooling/internal/gradle/DefaultBuildIdentifier
instanceKlass org/gradle/tooling/internal/gradle/DefaultProjectIdentifier
instanceKlass org/gradle/tooling/internal/gradle/GradleProjectIdentity
instanceKlass org/gradle/tooling/internal/gradle/GradleBuildIdentity
instanceKlass org/gradle/tooling/internal/adapter/ProtocolToModelAdapter$DefaultViewBuilder
instanceKlass org/jetbrains/plugins/gradle/model/BuildScriptClasspathModel
instanceKlass com/android/java/model/GradlePluginModel
instanceKlass com/android/java/model/ArtifactModel
instanceKlass com/android/java/model/JavaProject
instanceKlass org/gradle/tooling/internal/consumer/versioning/ModelMapping$DefaultModelIdentifier
instanceKlass com/android/tools/idea/gradle/project/sync/ng/SelectedVariantChooser
instanceKlass org/gradle/tooling/internal/adapter/ProtocolToModelAdapter$2
instanceKlass org/gradle/tooling/internal/adapter/ProtocolToModelAdapter$ViewGraphDetails
instanceKlass org/gradle/tooling/model/gradle/ProjectPublications
instanceKlass org/gradle/tooling/model/gradle/GradleBuild
instanceKlass org/gradle/tooling/internal/protocol/InternalProjectOutcomes
instanceKlass org/gradle/tooling/model/internal/outcomes/ProjectOutcomes
instanceKlass org/gradle/tooling/model/build/BuildEnvironment
instanceKlass org/gradle/tooling/model/BuildModel
instanceKlass org/gradle/tooling/internal/protocol/InternalBasicIdeaProject
instanceKlass org/gradle/tooling/model/idea/BasicIdeaProject
instanceKlass org/gradle/tooling/internal/protocol/InternalGradleProject
instanceKlass org/gradle/tooling/model/GradleProject
instanceKlass org/gradle/tooling/model/BuildableElement
instanceKlass org/gradle/tooling/internal/protocol/InternalIdeaProject
instanceKlass org/gradle/tooling/model/idea/IdeaProject
instanceKlass org/gradle/tooling/internal/protocol/eclipse/EclipseProjectVersion3
instanceKlass org/gradle/tooling/internal/protocol/BuildableProjectVersion1
instanceKlass org/gradle/tooling/model/eclipse/EclipseProject
instanceKlass org/gradle/tooling/internal/protocol/eclipse/HierarchicalEclipseProjectVersion1
instanceKlass org/gradle/tooling/internal/protocol/HierarchicalProjectVersion1
instanceKlass org/gradle/tooling/model/eclipse/HierarchicalEclipseProject
instanceKlass org/gradle/tooling/model/HasGradleProject
instanceKlass org/gradle/tooling/model/ProjectModel
instanceKlass org/gradle/tooling/model/HierarchicalElement
instanceKlass org/gradle/tooling/model/Element
instanceKlass org/gradle/tooling/model/Model
instanceKlass org/gradle/internal/impldep/com/google/common/collect/AbstractMapEntry
instanceKlass org/gradle/internal/impldep/com/google/common/collect/Hashing
instanceKlass org/gradle/internal/impldep/com/google/common/collect/CollectPreconditions
instanceKlass org/gradle/internal/impldep/com/google/common/collect/BiMap
instanceKlass org/gradle/tooling/internal/consumer/versioning/ModelMapping
instanceKlass org/gradle/tooling/internal/consumer/connection/InternalBuildActionAdapter$2
instanceKlass org/gradle/tooling/internal/consumer/connection/HasCompatibilityMapping
instanceKlass org/gradle/tooling/model/internal/outcomes/GradleFileBuildOutcome
instanceKlass org/gradle/tooling/model/internal/outcomes/GradleBuildOutcome
instanceKlass org/gradle/tooling/model/idea/IdeaModuleDependency
instanceKlass org/gradle/tooling/model/idea/IdeaSingleEntryLibraryDependency
instanceKlass org/gradle/tooling/model/ExternalDependency
instanceKlass org/gradle/tooling/model/idea/IdeaDependency
instanceKlass org/gradle/tooling/model/Dependency
instanceKlass org/gradle/tooling/internal/consumer/converters/ConsumerTargetTypeProvider
instanceKlass org/gradle/tooling/internal/adapter/CollectionMapper
instanceKlass org/gradle/tooling/internal/adapter/TypeInspector
instanceKlass org/gradle/internal/impldep/com/google/common/base/Preconditions
instanceKlass org/gradle/internal/time/DefaultTimer
instanceKlass org/gradle/internal/time/TimeSource$1
instanceKlass org/gradle/internal/time/TimeSource
instanceKlass org/gradle/internal/time/MonotonicClock
instanceKlass org/gradle/internal/time/CountdownTimer
instanceKlass org/gradle/internal/time/Timer
instanceKlass org/gradle/internal/time/Clock
instanceKlass org/gradle/internal/time/Time
instanceKlass org/gradle/tooling/internal/adapter/ProtocolToModelAdapter$MethodInvocationCache
instanceKlass org/gradle/tooling/internal/adapter/ProtocolToModelAdapter$ReflectionMethodInvoker
instanceKlass org/gradle/tooling/internal/adapter/MethodInvoker
instanceKlass org/gradle/tooling/internal/adapter/ProtocolToModelAdapter$1
instanceKlass org/gradle/tooling/internal/adapter/ProtocolToModelAdapter$NoOpDecoration
instanceKlass org/gradle/internal/typeconversion/NotationParser
instanceKlass org/gradle/internal/typeconversion/NotationConverter
instanceKlass org/gradle/tooling/internal/adapter/ViewBuilder
instanceKlass org/gradle/tooling/internal/adapter/ProtocolToModelAdapter$ViewDecoration
instanceKlass org/gradle/tooling/internal/adapter/ProtocolToModelAdapter
instanceKlass org/gradle/tooling/internal/adapter/ObjectGraphAdapter
instanceKlass org/apache/groovy/ast/tools/AnnotatedNodeUtils
instanceKlass org/gradle/model/dsl/internal/transform/ClosureBackedRuleFactory
instanceKlass org/gradle/model/dsl/internal/transform/SourceLocation
instanceKlass org/gradle/model/dsl/internal/transform/InputReferences
instanceKlass org/gradle/model/dsl/internal/transform/TransformedClosure
instanceKlass org/gradle/model/dsl/internal/inputs/PotentialInputs
instanceKlass org/gradle/model/dsl/internal/transform/RulesBlock
instanceKlass java/lang/FunctionalInterface
instanceKlass org/gradle/groovy/scripts/internal/ScriptBlock
instanceKlass org/codehaus/groovy/syntax/Numbers
instanceKlass java/lang/invoke/LambdaForm$MH
instanceKlass java/lang/invoke/LambdaForm$DMH
instanceKlass java/lang/invoke/LambdaForm$DMH
instanceKlass com/android/builder/utils/FileCache$$Lambda$802
instanceKlass com/android/builder/utils/ExceptionFunction
instanceKlass java/lang/invoke/LambdaForm$DMH
instanceKlass com/android/utils/concurrency/ReadWriteProcessLock$$Lambda$801
instanceKlass com/android/utils/concurrency/ReadWriteProcessLock$$Lambda$800
instanceKlass com/android/utils/concurrency/ReadWriteProcessLock$$Lambda$799
instanceKlass com/android/utils/concurrency/ReadWriteProcessLock$$Lambda$798
instanceKlass com/android/utils/JvmWideVariable$$Lambda$797
instanceKlass com/android/utils/JvmWideVariable$$Lambda$796
instanceKlass com/android/utils/JvmWideVariable$$Lambda$795
instanceKlass com/google/common/reflect/Types$ClassOwnership$1LocalClass
instanceKlass com/google/common/reflect/Types$ParameterizedTypeImpl
instanceKlass com/google/common/reflect/Reflection
instanceKlass com/google/common/reflect/Types$TypeVariableInvocationHandler
instanceKlass com/google/common/reflect/Types$TypeVariableImpl
instanceKlass com/google/common/reflect/Types$1
instanceKlass com/google/common/reflect/Types
instanceKlass com/google/common/reflect/Types$NativeTypeVariableEquals
instanceKlass com/google/common/reflect/TypeResolver$TypeVariableKey
instanceKlass com/google/common/reflect/TypeResolver$TypeTable
instanceKlass com/google/common/reflect/TypeResolver
instanceKlass com/android/utils/concurrency/ReadWriteProcessLock$$Lambda$794
instanceKlass sun/nio/fs/WindowsLinkSupport
instanceKlass com/android/utils/concurrency/ReadWriteProcessLock$WriteLock
instanceKlass com/android/utils/concurrency/ReadWriteProcessLock$ReadLock
instanceKlass com/android/utils/concurrency/ReadWriteProcessLock$Lock
instanceKlass com/android/utils/concurrency/ReadWriteProcessLock
instanceKlass com/android/builder/utils/SynchronizedFile
instanceKlass org/jetbrains/plugins/gradle/tooling/util/SourceSetCachedFinder
instanceKlass org/jetbrains/plugins/gradle/model/ClasspathEntryModel
instanceKlass org/jetbrains/plugins/gradle/tooling/ErrorMessageBuilder
instanceKlass org/jetbrains/plugins/gradle/tooling/builder/ModelBuildScriptClasspathBuilderImpl
instanceKlass org/jetbrains/plugins/gradle/tooling/ModelBuilderService
instanceKlass BuildScriptClasspathModelBuilder
instanceKlass BuildScriptClasspathModelBuilderPlugin
instanceKlass com/android/java/model/builder/GradlePluginModelBuilder
instanceKlass com/android/java/model/builder/ArtifactModelBuilder
instanceKlass com/android/java/model/builder/JavaModelBuilder$Companion
instanceKlass com/android/java/model/builder/JavaModelBuilder
instanceKlass org/gradle/api/internal/plugins/DefaultObjectConfigurationAction$2
instanceKlass com/android/java/model/builder/JavaLibraryPlugin
instanceKlass java/util/Collections$3
instanceKlass java/security/PermissionsEnumerator
instanceKlass groovy/lang/GroovyClassLoader$6
instanceKlass org/codehaus/groovy/tools/GroovyClass
instanceKlass org/codehaus/groovy/classgen/asm/MopWriter$MopKey
instanceKlass org/codehaus/groovy/classgen/asm/BytecodeHelper$PrimitiveTypeHandler
instanceKlass org/codehaus/groovy/classgen/asm/BytecodeVariable
instanceKlass org/codehaus/groovy/classgen/asm/CompileStack$StateStackElement
instanceKlass org/codehaus/groovy/classgen/asm/OptimizingStatementWriter$StatementMeta
instanceKlass org/codehaus/groovy/classgen/asm/OptimizingStatementWriter$OptimizeFlagsCollector$OptimizeFlagsEntry
instanceKlass org/codehaus/groovy/classgen/asm/OptimizingStatementWriter$OptimizeFlagsCollector
instanceKlass org/codehaus/groovy/classgen/asm/StatementMetaTypeChooser
instanceKlass org/codehaus/groovy/classgen/asm/CompileStack
instanceKlass org/codehaus/groovy/classgen/asm/ClosureWriter$1
instanceKlass org/codehaus/groovy/classgen/asm/ClosureWriter
instanceKlass org/codehaus/groovy/classgen/asm/AssertionWriter
instanceKlass org/codehaus/groovy/classgen/asm/OperandStack
instanceKlass org/codehaus/groovy/runtime/BytecodeInterface8
instanceKlass org/codehaus/groovy/classgen/asm/BinaryExpressionWriter
instanceKlass org/codehaus/groovy/classgen/asm/UnaryExpressionHelper
instanceKlass org/codehaus/groovy/runtime/typehandling/ShortTypeHandling
instanceKlass org/codehaus/groovy/classgen/asm/TypeChooser
instanceKlass org/codehaus/groovy/classgen/asm/StatementWriter
instanceKlass org/codehaus/groovy/classgen/asm/BinaryExpressionHelper
instanceKlass org/codehaus/groovy/classgen/asm/CallSiteWriter
instanceKlass org/codehaus/groovy/classgen/asm/InvocationWriter
instanceKlass org/codehaus/groovy/classgen/asm/WriterController
instanceKlass org/codehaus/groovy/classgen/asm/WriterControllerFactory
instanceKlass org/codehaus/groovy/classgen/asm/MethodCaller
instanceKlass org/codehaus/groovy/classgen/asm/MethodCallerMultiAdapter
instanceKlass org/codehaus/groovy/vmplugin/v8/Java8$1
instanceKlass org/codehaus/groovy/classgen/AnnotationVisitor
instanceKlass java/math/MathContext
instanceKlass org/codehaus/groovy/classgen/Verifier$2
instanceKlass org/codehaus/groovy/ast/tools/GenericsUtils
instanceKlass org/codehaus/groovy/classgen/ReturnAdder$1
instanceKlass org/codehaus/groovy/classgen/ReturnAdder$ReturnStatementListener
instanceKlass org/codehaus/groovy/classgen/ReturnAdder
instanceKlass org/codehaus/groovy/classgen/asm/MopWriter$1
instanceKlass org/codehaus/groovy/classgen/asm/MopWriter$Factory
instanceKlass org/codehaus/groovy/classgen/asm/MopWriter
instanceKlass org/codehaus/groovy/classgen/asm/OptimizingStatementWriter$ClassNodeSkip
instanceKlass org/codehaus/groovy/classgen/Verifier$12
instanceKlass org/codehaus/groovy/classgen/Verifier$11
instanceKlass groovy/transform/CompileStatic
instanceKlass org/codehaus/groovy/transform/trait/TraitComposer
instanceKlass org/codehaus/groovy/ast/tools/ParameterUtils
instanceKlass org/codehaus/groovy/ast/decompiled/EnumConstantWrapper
instanceKlass org/codehaus/groovy/ast/decompiled/Annotations
instanceKlass org/apache/groovy/ast/tools/MethodNodeUtils
instanceKlass groovy/transform/CompilationUnitAware
instanceKlass groovy/transform/SelfType
instanceKlass groovy/lang/GeneratedGroovyProxy
instanceKlass groovy/transform/Trait
instanceKlass org/codehaus/groovy/transform/trait/Traits$TraitBridge
instanceKlass org/codehaus/groovy/transform/trait/Traits
instanceKlass org/codehaus/groovy/transform/GroovyASTTransformation
instanceKlass org/codehaus/groovy/vmplugin/v5/Java5$1
instanceKlass groovy/transform/AnnotationCollector
instanceKlass org/codehaus/groovy/transform/AnnotationCollectorTransform$ClassChanger
instanceKlass org/apache/groovy/ast/tools/ClassNodeUtils
instanceKlass groovyjarjarasm/asm/signature/SignatureReader
instanceKlass org/codehaus/groovy/ast/decompiled/MemberSignatureParser
instanceKlass org/codehaus/groovy/transform/GroovyASTTransformationClass
instanceKlass org/codehaus/groovy/ast/decompiled/AnnotationStub
instanceKlass groovyjarjarasm/asm/signature/SignatureVisitor
instanceKlass org/codehaus/groovy/ast/decompiled/ClassSignatureParser
instanceKlass org/codehaus/groovy/control/ClassNodeResolver$LookupResult
instanceKlass org/codehaus/groovy/ast/decompiled/AsmReferenceResolver
instanceKlass groovyjarjarasm/asm/Context
instanceKlass groovyjarjarasm/asm/Attribute
instanceKlass groovyjarjarasm/asm/ClassReader
instanceKlass org/codehaus/groovy/ast/decompiled/AsmDecompiler$StubCache
instanceKlass org/codehaus/groovy/ast/decompiled/AsmDecompiler
instanceKlass org/codehaus/groovy/ast/decompiled/MemberStub
instanceKlass org/codehaus/groovy/ast/DynamicVariable
instanceKlass org/codehaus/groovy/classgen/VariableScopeVisitor$StateStackElement
instanceKlass com/google/common/io/CharSink
instanceKlass org/gradle/groovy/scripts/internal/AstUtils$1
instanceKlass org/gradle/groovy/scripts/internal/AstUtils
instanceKlass org/codehaus/groovy/util/ListHashMap
instanceKlass org/codehaus/groovy/control/SourceUnit$1
instanceKlass groovy/transform/BaseScript
instanceKlass org/codehaus/groovy/transform/AbstractASTTransformation
instanceKlass org/codehaus/groovy/transform/ASTTransformation
instanceKlass org/codehaus/groovy/ast/VariableScope
instanceKlass org/codehaus/groovy/antlr/AntlrParserPlugin$1
instanceKlass org/codehaus/groovy/antlr/LineColumn
instanceKlass org/codehaus/groovy/antlr/AntlrASTProcessSnippets
instanceKlass groovyjarjarantlr/collections/impl/ASTArray
instanceKlass groovyjarjarantlr/ASTPair
instanceKlass groovyjarjarantlr/ASTFactory
instanceKlass groovyjarjarantlr/TokenQueue
instanceKlass groovyjarjarantlr/TokenBuffer
instanceKlass groovyjarjarantlr/ParserSharedInputState
instanceKlass org/codehaus/groovy/antlr/parser/GroovyLexer$1
instanceKlass groovyjarjarantlr/collections/ASTEnumeration
instanceKlass groovyjarjarantlr/BaseAST
instanceKlass groovyjarjarantlr/collections/AST
instanceKlass groovyjarjarantlr/Parser
instanceKlass groovyjarjarantlr/collections/impl/BitSet
instanceKlass org/codehaus/groovy/antlr/SourceInfo
instanceKlass groovyjarjarantlr/CharQueue
instanceKlass groovyjarjarantlr/InputBuffer
instanceKlass groovyjarjarantlr/Token
instanceKlass groovyjarjarantlr/Utils
instanceKlass groovyjarjarantlr/ANTLRHashString
instanceKlass groovyjarjarantlr/ANTLRStringBuffer
instanceKlass org/codehaus/groovy/antlr/SourceBuffer
instanceKlass org/codehaus/groovy/antlr/treewalker/Visitor
instanceKlass groovyjarjarantlr/CharScanner
instanceKlass groovyjarjarantlr/TokenStream
instanceKlass groovyjarjarantlr/LexerSharedInputState
instanceKlass org/codehaus/groovy/antlr/AntlrASTProcessor
instanceKlass org/codehaus/groovy/syntax/ASTHelper
instanceKlass org/codehaus/groovy/antlr/parser/GroovyTokenTypes
instanceKlass org/codehaus/groovy/control/ParserPlugin
instanceKlass org/codehaus/groovy/control/ParserPluginFactory
instanceKlass groovy/lang/GroovyClassLoader$7
instanceKlass org/codehaus/groovy/control/io/AbstractReaderSource
instanceKlass org/codehaus/groovy/transform/ASTTransformationVisitor$4
instanceKlass org/codehaus/groovy/control/ClassNodeResolver
instanceKlass groovy/transform/Generated
instanceKlass org/codehaus/groovy/classgen/FinalVariableAnalyzer$VariableNotFinalCallback
instanceKlass org/codehaus/groovy/classgen/Verifier$DefaultArgsAction
instanceKlass org/codehaus/groovy/classgen/BytecodeInstruction
instanceKlass org/codehaus/groovy/ast/CompileUnit
instanceKlass org/codehaus/groovy/control/ASTTransformationsContext
instanceKlass org/codehaus/groovy/control/ProcessingUnit$1
instanceKlass org/codehaus/groovy/classgen/Verifier
instanceKlass org/codehaus/groovy/control/io/ReaderSource
instanceKlass org/codehaus/groovy/control/HasCleanup
instanceKlass org/codehaus/groovy/control/CompilationUnit$GroovyClassOperation
instanceKlass groovy/lang/GroovyClassLoader$5
instanceKlass groovy/lang/GroovyCodeSource
instanceKlass groovy/lang/GroovyClassLoader$1
instanceKlass org/codehaus/groovy/runtime/memoize/UnlimitedConcurrentCache
instanceKlass org/codehaus/groovy/control/CompilationUnit$PrimaryClassNodeOperation
instanceKlass org/apache/groovy/util/SystemUtil
instanceKlass org/codehaus/groovy/GroovyExceptionInterface
instanceKlass org/gradle/groovy/scripts/internal/BuildOperationBackedScriptCompilationHandler$Details
instanceKlass org/gradle/internal/scripts/CompileScriptBuildOperationType$Details
instanceKlass org/gradle/groovy/scripts/internal/BuildOperationBackedScriptCompilationHandler$2
instanceKlass org/gradle/groovy/scripts/internal/FileCacheBackedScriptClassCompiler$CompileToCrossBuildCacheAction
instanceKlass org/gradle/cache/internal/FixedSharedModeCrossProcessCacheAccess$1
instanceKlass org/gradle/api/internal/artifacts/ivyservice/resolveengine/artifact/LocalFileDependencyBackedArtifactSet$SingletonFileResolvedVariant
instanceKlass org/gradle/internal/component/local/model/OpaqueComponentArtifactIdentifier
instanceKlass org/gradle/api/internal/artifacts/DefaultModule
instanceKlass org/gradle/api/internal/artifacts/ivyservice/ivyresolve/NoRepositoriesResolver
instanceKlass org/gradle/initialization/InitScriptHandler$1
instanceKlass org/gradle/util/GradleVersion
instanceKlass com/android/tools/idea/gradle/project/sync/ng/SelectedVariants
instanceKlass com/google/appengine/gradle/model/AppEngineModel
instanceKlass org/jetbrains/kotlin/gradle/model/KotlinProject
instanceKlass org/jetbrains/kotlin/gradle/model/SamWithReceiver
instanceKlass org/jetbrains/kotlin/gradle/model/NoArg
instanceKlass org/jetbrains/kotlin/gradle/model/KotlinAndroidExtension
instanceKlass org/jetbrains/kotlin/gradle/model/AllOpen
instanceKlass com/android/tools/idea/gradle/project/sync/ng/SyncProjectModels
instanceKlass com/android/tools/idea/gradle/project/sync/ng/SyncProjectModels$Factory
instanceKlass com/android/tools/idea/gradle/project/sync/ng/SyncActionOptions
instanceKlass com/android/tools/idea/gradle/project/sync/ng/SyncAction
instanceKlass org/gradle/tooling/internal/consumer/versioning/VersionDetails
instanceKlass org/gradle/tooling/BuildAction
instanceKlass org/gradle/tooling/BuildController
instanceKlass org/gradle/tooling/internal/consumer/connection/InternalBuildControllerAdapter
instanceKlass org/gradle/tooling/internal/adapter/TargetTypeProvider
instanceKlass org/gradle/tooling/internal/consumer/connection/InternalBuildActionAdapter
instanceKlass org/gradle/tooling/internal/consumer/connection/InternalPhasedActionAdapter
instanceKlass org/gradle/tooling/internal/protocol/InternalPhasedAction
instanceKlass com/android/tools/r8/dex/DexParser$$Lambda$793
instanceKlass com/android/tools/r8/it/unimi/dsi/fastutil/ints/Int2IntMap$FastEntrySet
instanceKlass com/android/tools/r8/it/unimi/dsi/fastutil/ints/AbstractInt2IntFunction
instanceKlass com/android/tools/r8/ProgramResource$FileResource
instanceKlass com/android/tools/r8/org/objectweb/asm/Handle
instanceKlass com/android/tools/r8/ir/regalloc/SpillMoveSet$$Lambda$792
instanceKlass com/android/tools/r8/graph/JarClassFileReader$CreateAnnotationVisitor$$Lambda$791
instanceKlass java/lang/invoke/LambdaForm$DMH
instanceKlass com/android/tools/r8/graph/JarClassFileReader$CreateAnnotationVisitor$$Lambda$790
instanceKlass com/android/tools/r8/ir/analysis/type/ClassTypeLatticeElement$$Lambda$789
instanceKlass com/android/build/gradle/internal/transforms/DesugarIncrementalTransformHelper$$Lambda$788
instanceKlass com/android/builder/desugaring/DesugaringGraph$$Lambda$787
instanceKlass com/android/build/gradle/internal/transforms/DesugarIncrementalTransformHelper$$Lambda$786
instanceKlass org/objectweb/asm/tree/TryCatchBlockNode
instanceKlass org/objectweb/asm/tree/InnerClassNode
instanceKlass lombok/bytecode/ClassFileMetaData
instanceKlass lombok/bytecode/SneakyThrowsRemover
instanceKlass org/objectweb/asm/ClassVisitor
instanceKlass lombok/bytecode/PreventNullAnalysisRemover
instanceKlass lombok/core/PostCompilerTransformation
instanceKlass lombok/core/PostCompiler
instanceKlass lombok/javac/apt/InterceptingJavaFileObject
instanceKlass java/util/IdentityHashMap$1
instanceKlass lombok/core/handlers/InclusionExclusionUtils$1
instanceKlass lombok/ToString$Exclude
instanceKlass lombok/ToString$Include
instanceKlass lombok/javac/handlers/JavacHandlerUtil$GetterMethod
instanceKlass lombok/core/handlers/InclusionExclusionUtils$Included
instanceKlass lombok/EqualsAndHashCode$AnyAnnotation
instanceKlass lombok/EqualsAndHashCode$Exclude
instanceKlass lombok/EqualsAndHashCode$Include
instanceKlass lombok/core/handlers/InclusionExclusionUtils
instanceKlass lombok/javac/Javac$JavadocOps_8
instanceKlass lombok/core/CleanupTask
instanceKlass lombok/javac/handlers/JavacHandlerUtil$ClassSymbolMembersField
instanceKlass lombok/core/AnnotationValues$1
instanceKlass lombok/delombok/FormatPreferences
instanceKlass lombok/delombok/LombokOptionsFactory
instanceKlass lombok/core/configuration/AllowHelper
instanceKlass lombok/experimental/FieldDefaults
instanceKlass lombok/core/handlers/HandlerUtil
instanceKlass lombok/core/AnnotationValues
instanceKlass lombok/core/AnnotationValues$AnnotationValue
instanceKlass lombok/javac/handlers/JavacHandlerUtil
instanceKlass lombok/core/FieldAugment
instanceKlass lombok/javac/JavacAugments
instanceKlass lombok/core/TypeResolver
instanceKlass lombok/core/AST$FieldAccess
instanceKlass lombok/javac/JavacAST$ErrorLog
instanceKlass lombok/core/LombokImmutableList$1
instanceKlass lombok/core/LombokImmutableList
instanceKlass lombok/javac/JavacImportList
instanceKlass lombok/javac/PackageName
instanceKlass lombok/core/configuration/FileSystemSourceCache$Content
instanceKlass lombok/core/configuration/FileSystemSourceCache$2$1
instanceKlass lombok/core/configuration/FileSystemSourceCache$2
instanceKlass lombok/core/configuration/ConfigurationProblemReporter$1
instanceKlass lombok/core/configuration/ConfigurationProblemReporter
instanceKlass lombok/core/configuration/BubblingConfigurationResolver
instanceKlass lombok/core/LombokConfiguration$3
instanceKlass lombok/core/configuration/FileSystemSourceCache
instanceKlass lombok/core/LombokConfiguration$1
instanceKlass lombok/core/configuration/ConfigurationResolver
instanceKlass lombok/core/configuration/ConfigurationResolverFactory
instanceKlass lombok/core/LombokConfiguration
instanceKlass lombok/core/ImportList
instanceKlass lombok/core/AST
instanceKlass lombok/javac/HandlerLibrary$VisitorContainer
instanceKlass lombok/experimental/Wither
instanceKlass lombok/Value
instanceKlass lombok/javac/JavacASTAdapter
instanceKlass lombok/experimental/UtilityClass
instanceKlass lombok/ToString
instanceKlass lombok/Synchronized
instanceKlass lombok/experimental/SuperBuilder
instanceKlass lombok/javac/handlers/JavacSingularsRecipes$StatementMaker
instanceKlass lombok/javac/handlers/JavacSingularsRecipes$ExpressionMaker
instanceKlass lombok/SneakyThrows
instanceKlass lombok/Setter
instanceKlass lombok/core/PrintAST
instanceKlass lombok/NonNull
instanceKlass lombok/extern/slf4j/XSlf4j
instanceKlass lombok/extern/slf4j/Slf4j
